[03:33:43] [ServerMain/INFO]: Environment: Environment[sessionHost=https://sessionserver.mojang.com, servicesHost=https://api.minecraftservices.com, name=PROD]
[03:33:44] [ServerMain/WARN]: Missing data pack mod:forge
[03:33:44] [ServerMain/WARN]: Missing data pack mod:arclight
[03:33:45] [ServerMain/INFO]: Loaded 1290 recipes
[03:33:45] [ServerMain/INFO]: Loaded 1399 advancements
[03:33:46] [Server thread/INFO]: Starting minecraft server version 1.21.1
[03:33:46] [Server thread/INFO]: Loading properties
[03:33:46] [Server thread/INFO]: Default game type: SURVIVAL
[03:33:46] [Server thread/INFO]: Generating keypair
[03:33:46] [Server thread/INFO]: Starting Minecraft server on *:25565
[03:33:46] [Server thread/INFO]: Using epoll channel type
[03:33:46] [Server thread/WARN]: **** SERVER IS RUNNING IN OFFLINE/INSECURE MODE!
[03:33:46] [Server thread/WARN]: The server will make no attempt to authenticate usernames. Beware.
[03:33:46] [Server thread/WARN]: While this makes the game possible to play without internet access, it also opens up the ability for hackers to connect with any username they choose.
[03:33:46] [Server thread/WARN]: To change this, set "online-mode" to "true" in the server.properties file.
[03:33:46] [Server thread/INFO]: Preparing level "world"
[03:33:49] [Server thread/INFO]: Preparing start region for dimension minecraft:overworld
[03:33:55] [Worker-Main-1/INFO]: Preparing spawn area: 0%
[03:33:55] [Worker-Main-1/INFO]: Preparing spawn area: 0%
[03:33:55] [Worker-Main-1/INFO]: Preparing spawn area: 0%
[03:33:55] [Worker-Main-1/INFO]: Preparing spawn area: 0%
[03:33:55] [Worker-Main-1/INFO]: Preparing spawn area: 0%
[03:33:55] [Worker-Main-1/INFO]: Preparing spawn area: 0%
[03:33:55] [Worker-Main-1/INFO]: Preparing spawn area: 0%
[03:33:55] [Worker-Main-1/INFO]: Preparing spawn area: 0%
[03:33:55] [Worker-Main-1/INFO]: Preparing spawn area: 0%
[03:33:55] [Worker-Main-1/INFO]: Preparing spawn area: 0%
[03:33:55] [Worker-Main-1/INFO]: Preparing spawn area: 0%
[03:33:55] [Worker-Main-1/INFO]: Preparing spawn area: 0%
[03:33:55] [Worker-Main-1/INFO]: Preparing spawn area: 0%
[03:33:57] [Worker-Main-1/INFO]: Preparing spawn area: 0%
[03:33:57] [Worker-Main-1/INFO]: Preparing spawn area: 0%
[03:33:57] [Worker-Main-1/INFO]: Preparing spawn area: 0%
[03:33:57] [Worker-Main-1/INFO]: Preparing spawn area: 0%
[03:33:58] [Worker-Main-2/INFO]: Preparing spawn area: 0%
[03:33:58] [Worker-Main-1/INFO]: Preparing spawn area: 0%
[03:33:58] [Worker-Main-1/INFO]: Preparing spawn area: 2%
[03:33:59] [Worker-Main-2/INFO]: Preparing spawn area: 2%
[03:33:59] [Worker-Main-1/INFO]: Preparing spawn area: 18%
[03:33:59] [Server thread/WARN]: Ignoring unknown attribute 'forge:entity_gravity'
[03:34:00] [Worker-Main-3/INFO]: Preparing spawn area: 18%
[03:34:01] [Worker-Main-1/INFO]: Preparing spawn area: 18%
[03:34:01] [Server thread/WARN]: Ignoring unknown attribute 'forge:entity_gravity'
[03:34:01] [Server thread/WARN]: Ignoring unknown attribute 'forge:entity_gravity'
[03:34:01] [Worker-Main-1/INFO]: Preparing spawn area: 46%
[03:34:01] [Server thread/WARN]: Ignoring unknown attribute 'forge:entity_gravity'
[03:34:01] [Server thread/WARN]: Ignoring unknown attribute 'forge:entity_gravity'
[03:34:01] [Server thread/WARN]: Ignoring unknown attribute 'forge:entity_gravity'
[03:34:01] [Server thread/WARN]: Ignoring unknown attribute 'forge:entity_gravity'
[03:34:01] [Worker-Main-2/INFO]: Preparing spawn area: 51%
[03:34:02] [Worker-Main-3/INFO]: Preparing spawn area: 51%
[03:34:02] [Server thread/WARN]: Ignoring unknown attribute 'forge:entity_gravity'
[03:34:02] [Server thread/WARN]: Ignoring unknown attribute 'forge:entity_gravity'
[03:34:02] [Server thread/WARN]: Ignoring unknown attribute 'forge:entity_gravity'
[03:34:02] [Server thread/WARN]: Ignoring unknown attribute 'forge:entity_gravity'
[03:34:02] [Server thread/WARN]: Ignoring unknown attribute 'forge:entity_gravity'
[03:34:02] [Server thread/WARN]: Ignoring unknown attribute 'forge:entity_gravity'
[03:34:02] [Server thread/WARN]: Ignoring unknown attribute 'forge:entity_gravity'
[03:34:02] [Server thread/WARN]: Ignoring unknown attribute 'forge:entity_gravity'
[03:34:02] [Server thread/WARN]: Ignoring unknown attribute 'forge:entity_gravity'
[03:34:02] [Server thread/WARN]: Ignoring unknown attribute 'forge:entity_gravity'
[03:34:02] [Server thread/WARN]: Ignoring unknown attribute 'forge:entity_gravity'
[03:34:02] [Server thread/WARN]: Ignoring unknown attribute 'forge:entity_gravity'
[03:34:02] [Server thread/WARN]: Ignoring unknown attribute 'forge:entity_gravity'
[03:34:02] [Server thread/WARN]: Ignoring unknown attribute 'forge:entity_gravity'
[03:34:02] [Server thread/WARN]: Ignoring unknown attribute 'forge:swim_speed'
[03:34:02] [Server thread/WARN]: Ignoring unknown attribute 'forge:entity_gravity'
[03:34:02] [Server thread/WARN]: Ignoring unknown attribute 'forge:entity_gravity'
[03:34:02] [Server thread/WARN]: Ignoring unknown attribute 'forge:entity_gravity'
[03:34:02] [Server thread/WARN]: Ignoring unknown attribute 'forge:entity_gravity'
[03:34:02] [Server thread/WARN]: Ignoring unknown attribute 'forge:entity_gravity'
[03:34:02] [Server thread/WARN]: Ignoring unknown attribute 'forge:entity_gravity'
[03:34:02] [Server thread/WARN]: Ignoring unknown attribute 'forge:entity_gravity'
[03:34:02] [Server thread/WARN]: Ignoring unknown attribute 'forge:entity_gravity'
[03:34:02] [Server thread/WARN]: Ignoring unknown attribute 'forge:entity_gravity'
[03:34:02] [Server thread/INFO]: Time elapsed: 13083 ms
[03:34:02] [Server thread/INFO]: Done (15.629s)! For help, type "help"
[03:34:15] [Server thread/INFO]: Stopping the server
[03:34:15] [Server thread/INFO]: Stopping server
[03:34:15] [Server thread/INFO]: Saving players
[03:34:15] [Server thread/INFO]: Saving worlds
[03:34:16] [Server thread/INFO]: Saving chunks for level 'ServerLevel[world]'/minecraft:overworld
[03:34:17] [Server thread/INFO]: Saving chunks for level 'ServerLevel[world]'/minecraft:the_end
[03:34:17] [Server thread/INFO]: Saving chunks for level 'ServerLevel[world]'/minecraft:the_nether
[03:34:17] [Server thread/INFO]: ThreadedAnvilChunkStorage (world): All chunks are saved
[03:34:17] [Server thread/INFO]: ThreadedAnvilChunkStorage (DIM1): All chunks are saved
[03:34:17] [Server thread/INFO]: ThreadedAnvilChunkStorage (DIM-1): All chunks are saved
[03:34:17] [Server thread/INFO]: ThreadedAnvilChunkStorage: All dimensions are saved
